TN:
SF:/usr/include/x86_64-linux-gnu/c++/12/bits/c++config.h
FN:516,_ZSt23__is_constant_evaluatedv
FNDA:0,_ZSt23__is_constant_evaluatedv
DA:516,0
DA:523,0
end_of_record
SF:/usr/include/x86_64-linux-gnu/qt5/QtCore/qrefcount.h
FN:54,_ZN9QtPrivate8RefCount3refEv
FNDA:0,_ZN9QtPrivate8RefCount3refEv
FN:65,_ZN9QtPrivate8RefCount5derefEv
FNDA:0,_ZN9QtPrivate8RefCount5derefEv
DA:54,0
DA:55,0
DA:57,0
DA:58,0
DA:60,0
DA:61,0
DA:62,0
DA:65,0
DA:66,0
DA:68,0
DA:69,0
DA:71,0
DA:72,0
DA:73,0
end_of_record
SF:/usr/include/c++/12/bits/atomic_base.h
FN:104,_ZStanSt12memory_orderSt23__memory_order_modifier
FNDA:0,_ZStanSt12memory_orderSt23__memory_order_modifier
FN:384,_ZNSt13__atomic_baseIiEppEv
FNDA:0,_ZNSt13__atomic_baseIiEppEv
FN:392,_ZNSt13__atomic_baseIiEmmEv
FNDA:0,_ZNSt13__atomic_baseIiEmmEv
DA:104,0
DA:106,0
DA:384,0
DA:385,0
DA:392,0
DA:393,0
DA:484,0
DA:485,0
DA:486,0
DA:488,0
end_of_record
SF:/usr/include/x86_64-linux-gnu/qt5/QtCore/qstring.h
FN:1093,_ZN7QStringC2ERKS_
FNDA:0,_ZN7QStringC2ERKS_
FN:1311,_ZN7QStringD2Ev
FNDA:0,_ZN7QStringD2Ev
DA:1093,0
DA:1094,0
DA:1311,0
end_of_record
SF:/usr/include/c++/12/iostream
end_of_record
SF:/home/sara/Desktop/Sara/Desktop/Verification/05-tudu/build-tudu-Desktop-Debug/moc_mainwindow.cpp
FN:105,_ZN10MainWindow18qt_static_metacallEP7QObjectN11QMetaObject4CallEiPPv
FNDA:0,_ZN10MainWindow18qt_static_metacallEP7QObjectN11QMetaObject4CallEiPPv
FN:134,_ZNK10MainWindow10metaObjectEv
FNDA:332,_ZNK10MainWindow10metaObjectEv
FN:139,_ZN10MainWindow11qt_metacastEPKc
FNDA:5,_ZN10MainWindow11qt_metacastEPKc
FN:147,_ZN10MainWindow11qt_metacallEN11QMetaObject4CallEiPPv
FNDA:83,_ZN10MainWindow11qt_metacallEN11QMetaObject4CallEiPPv
DA:105,0
DA:107,0
DA:108,0
DA:110,0
DA:111,0
DA:112,0
DA:113,0
DA:114,0
DA:115,0
DA:116,0
DA:117,0
DA:118,0
DA:119,0
DA:122,0
DA:134,332
DA:136,332
DA:139,5
DA:141,5
DA:142,5
DA:143,0
DA:144,5
DA:147,83
DA:149,83
DA:150,83
DA:151,83
DA:152,0
DA:153,0
DA:154,0
DA:155,0
DA:156,0
DA:157,0
DA:158,0
DA:159,0
DA:161,0
end_of_record
SF:/usr/include/x86_64-linux-gnu/qt5/QtCore/qatomic_cxx11.h
FN:237,_ZN10QAtomicOpsIiE11loadRelaxedIiEET_RKSt6atomicIS2_E
FNDA:0,_ZN10QAtomicOpsIiE11loadRelaxedIiEET_RKSt6atomicIS2_E
FN:281,_ZN10QAtomicOpsIiE3refIiEEbRSt6atomicIT_E
FNDA:0,_ZN10QAtomicOpsIiE3refIiEEbRSt6atomicIT_E
FN:287,_ZN10QAtomicOpsIiE5derefIiEEbRSt6atomicIT_E
FNDA:0,_ZN10QAtomicOpsIiE5derefIiEEbRSt6atomicIT_E
DA:237,0
DA:239,0
DA:281,0
DA:283,0
DA:287,0
DA:289,0
end_of_record
SF:/usr/include/x86_64-linux-gnu/qt5/QtCore/qarraydata.h
FN:236,_ZN15QTypedArrayDataItE10deallocateEP10QArrayData
FNDA:0,_ZN15QTypedArrayDataItE10deallocateEP10QArrayData
DA:236,0
DA:239,0
DA:240,0
end_of_record
SF:/usr/include/x86_64-linux-gnu/qt5/QtCore/qscopedpointer.h
FN:116,_ZNK14QScopedPointerI11QObjectData21QScopedPointerDeleterIS0_EEptEv
FNDA:626,_ZNK14QScopedPointerI11QObjectData21QScopedPointerDeleterIS0_EEptEv
DA:116,626
DA:118,626
end_of_record
SF:/usr/include/x86_64-linux-gnu/qt5/QtCore/qbasicatomic.h
FN:107,_ZNK19QBasicAtomicIntegerIiE11loadRelaxedEv
FNDA:0,_ZNK19QBasicAtomicIntegerIiE11loadRelaxedEv
FN:118,_ZN19QBasicAtomicIntegerIiE3refEv
FNDA:0,_ZN19QBasicAtomicIntegerIiE3refEv
FN:119,_ZN19QBasicAtomicIntegerIiE5derefEv
FNDA:0,_ZN19QBasicAtomicIntegerIiE5derefEv
DA:107,0
DA:118,0
DA:119,0
end_of_record
TN:
SF:/usr/include/c++/12/iostream
end_of_record
SF:/home/sara/Desktop/Sara/Desktop/Verification/05-tudu/tudu/src/main.cpp
FN:4,main
FNDA:1,main
DA:4,1
DA:6,1
DA:7,1
DA:8,1
DA:10,1
DA:11,1
end_of_record
TN:
SF:/usr/include/x86_64-linux-gnu/qt5/QtCore/qstring.h
FN:704,_ZN7QString8fromUtf8EPKci
FNDA:123,_ZN7QString8fromUtf8EPKci
FN:835,_ZN7QStringC2EPKc
FNDA:877,_ZN7QStringC2EPKc
FN:1077,_ZNK7QString7isEmptyEv
FNDA:1,_ZNK7QString7isEmptyEv
FN:1093,_ZN7QStringC2ERKS_
FNDA:115,_ZN7QStringC2ERKS_
FN:1310,_ZN7QStringC2Ev
FNDA:11,_ZN7QStringC2Ev
FN:1311,_ZN7QStringD2Ev
FNDA:1308,_ZN7QStringD2Ev
DA:704,123
DA:706,123
DA:835,877
DA:836,877
DA:837,877
DA:1077,1
DA:1078,1
DA:1093,115
DA:1094,115
DA:1310,11
DA:1311,1308
end_of_record
SF:/home/sara/Desktop/Sara/Desktop/Verification/05-tudu/build-tudu-Desktop-Debug/ui_mainwindow.h
FN:57,_ZN13Ui_MainWindow7setupUiEP11QMainWindow
FNDA:1,_ZN13Ui_MainWindow7setupUiEP11QMainWindow
FN:236,_ZN13Ui_MainWindow13retranslateUiEP11QMainWindow
FNDA:1,_ZN13Ui_MainWindow13retranslateUiEP11QMainWindow
DA:57,1
DA:59,1
DA:60,1
DA:61,1
DA:62,1
DA:64,1
DA:65,1
DA:66,1
DA:67,1
DA:68,1
DA:69,1
DA:70,1
DA:71,1
DA:72,1
DA:73,1
DA:74,1
DA:75,1
DA:76,1
DA:77,1
DA:78,1
DA:79,1
DA:80,1
DA:81,1
DA:82,1
DA:83,1
DA:84,1
DA:85,1
DA:86,1
DA:87,1
DA:88,1
DA:89,1
DA:90,1
DA:91,1
DA:92,1
DA:93,1
DA:94,1
DA:95,1
DA:96,1
DA:97,1
DA:98,1
DA:100,1
DA:102,1
DA:103,1
DA:104,1
DA:105,1
DA:106,1
DA:107,1
DA:108,1
DA:109,1
DA:110,1
DA:111,1
DA:112,1
DA:113,1
DA:114,1
DA:115,1
DA:116,1
DA:117,1
DA:118,1
DA:119,1
DA:120,1
DA:121,1
DA:122,1
DA:123,1
DA:124,1
DA:125,1
DA:126,1
DA:127,1
DA:128,1
DA:129,1
DA:130,1
DA:131,1
DA:132,1
DA:133,1
DA:134,1
DA:135,1
DA:136,1
DA:137,1
DA:138,1
DA:139,1
DA:140,1
DA:141,1
DA:142,1
DA:143,1
DA:144,1
DA:145,1
DA:147,1
DA:149,1
DA:151,1
DA:153,1
DA:154,1
DA:155,1
DA:156,1
DA:157,1
DA:158,1
DA:159,1
DA:160,1
DA:161,1
DA:162,1
DA:163,1
DA:164,1
DA:165,1
DA:166,1
DA:167,1
DA:168,1
DA:169,1
DA:170,1
DA:171,1
DA:172,1
DA:173,1
DA:175,1
DA:177,1
DA:178,1
DA:179,1
DA:183,1
DA:186,1
DA:188,1
DA:189,1
DA:190,1
DA:191,1
DA:192,1
DA:193,1
DA:194,1
DA:195,1
DA:196,1
DA:197,1
DA:198,1
DA:199,1
DA:200,1
DA:201,1
DA:202,1
DA:203,1
DA:204,1
DA:205,1
DA:206,1
DA:207,1
DA:209,1
DA:212,1
DA:214,1
DA:216,1
DA:219,1
DA:221,1
DA:223,1
DA:225,1
DA:227,1
DA:228,1
DA:230,1
DA:233,1
DA:234,1
DA:236,1
DA:238,1
DA:239,1
DA:240,1
DA:241,1
DA:242,1
DA:243,1
DA:244,1
DA:245,1
DA:246,1
DA:247,1
DA:248,1
DA:249,1
DA:250,1
DA:251,1
DA:252,1
DA:253,1
DA:254,1
DA:255,1
DA:256,1
DA:257,1
end_of_record
SF:/usr/include/x86_64-linux-gnu/qt5/QtCore/qrect.h
FN:184,_ZN5QRectC2Eiiii
FNDA:2,_ZN5QRectC2Eiiii
DA:184,2
DA:185,2
end_of_record
SF:/usr/include/x86_64-linux-gnu/qt5/QtWidgets/qwidget.h
FN:823,_ZN7QWidget16setMouseTrackingEb
FNDA:1,_ZN7QWidget16setMouseTrackingEb
FN:853,_ZN7QWidget6resizeEii
FNDA:1,_ZN7QWidget6resizeEii
DA:823,1
DA:824,1
DA:853,1
DA:854,1
end_of_record
SF:/usr/include/x86_64-linux-gnu/qt5/QtCore/qglobal.h
FN:671,_Z4qMinIiERKT_S2_S2_
FNDA:4,_Z4qMinIiERKT_S2_S2_
FN:673,_Z4qMaxIiERKT_S2_S2_
FNDA:4,_Z4qMaxIiERKT_S2_S2_
FN:675,_Z6qBoundIiERKT_S2_S2_S2_
FNDA:4,_Z6qBoundIiERKT_S2_S2_S2_
FN:1050,_Z8qAsConstI11QStringListERNSt9add_constIT_E4typeERS2_
FNDA:2,_Z8qAsConstI11QStringListERNSt9add_constIT_E4typeERS2_
FN:1073,_ZN9QtPrivate17QForeachContainerI11QStringListEC2EOS1_
FNDA:1,_ZN9QtPrivate17QForeachContainerI11QStringListEC2EOS1_
FN:1098,_ZN9QtPrivate21qMakeForeachContainerI11QStringListEENS_17QForeachContainerINSt5decayIT_E4typeEEEOS4_
FNDA:1,_ZN9QtPrivate21qMakeForeachContainerI11QStringListEENS_17QForeachContainerINSt5decayIT_E4typeEEEOS4_
DA:671,4
DA:673,4
DA:675,4
DA:676,4
DA:1050,2
DA:1073,1
DA:1098,1
DA:1100,1
end_of_record
SF:/home/sara/Desktop/Sara/Desktop/Verification/05-tudu/tudu/src/mainwindow.cpp
FN:21,_ZN10MainWindowC2EP7QWidget
FNDA:1,_ZN10MainWindowC2EP7QWidget
FN:43,_ZN10MainWindow17recieveInTuduListE7QStringS0_i
FNDA:0,_ZN10MainWindow17recieveInTuduListE7QStringS0_i
FN:46,_ZN10MainWindow16loadTuduFromJsonEv
FNDA:1,_ZN10MainWindow16loadTuduFromJsonEv
FN:69,_ZN10MainWindow23on_addTaskButtonClickedEv
FNDA:0,_ZN10MainWindow23on_addTaskButtonClickedEv
FN:77,_ZN10MainWindowD0Ev
FNDA:0,_ZN10MainWindowD0Ev
FN:77,_ZN10MainWindowD2Ev
FNDA:1,_ZN10MainWindowD2Ev
FN:82,_ZN10MainWindow15recieveFromTaskEP4Taskiii
FNDA:0,_ZN10MainWindow15recieveFromTaskEP4Taskiii
FN:113,_ZN10MainWindow32on_tableWidget_cellDoubleClickedEii
FNDA:0,_ZN10MainWindow32on_tableWidget_cellDoubleClickedEii
FN:140,_ZN10MainWindow21recieveDeleteFromTaskEii
FNDA:0,_ZN10MainWindow21recieveDeleteFromTaskEii
FN:170,_ZN10MainWindow27on_calendarMonths_activatedERK5QDate
FNDA:0,_ZN10MainWindow27on_calendarMonths_activatedERK5QDate
FN:179,_Z14removeFromJson7QStringS_
FNDA:0,_Z14removeFromJson7QStringS_
FN:201,_ZN10MainWindow25on_listView_doubleClickedERK11QModelIndex
FNDA:0,_ZN10MainWindow25on_listView_doubleClickedERK11QModelIndex
DA:21,1
DA:23,1
DA:25,1
DA:28,1
DA:29,0
DA:33,1
DA:34,1
DA:36,1
DA:37,1
DA:39,1
DA:41,1
DA:43,0
DA:44,0
DA:45,0
DA:46,1
DA:48,1
DA:50,1
DA:52,1
DA:56,1
DA:58,1
DA:60,1
DA:61,0
DA:62,0
DA:63,0
DA:64,0
DA:66,1
DA:67,1
DA:69,0
DA:71,0
DA:72,0
DA:73,0
DA:74,0
DA:75,0
DA:77,0
DA:80,0
DA:77,1
DA:79,1
DA:80,1
DA:82,0
DA:84,0
DA:87,0
DA:90,0
DA:91,0
DA:92,0
DA:93,0
DA:96,0
DA:99,0
DA:100,0
DA:101,0
DA:102,0
DA:103,0
DA:104,0
DA:105,0
DA:108,0
DA:109,0
DA:111,0
DA:113,0
DA:117,0
DA:118,0
DA:121,0
DA:122,0
DA:124,0
DA:125,0
DA:126,0
DA:127,0
DA:128,0
DA:132,0
DA:134,0
DA:136,0
DA:137,0
DA:139,0
DA:140,0
DA:141,0
DA:144,0
DA:145,0
DA:146,0
DA:149,0
DA:150,0
DA:153,0
DA:154,0
DA:156,0
DA:158,0
DA:159,0
DA:160,0
DA:162,0
DA:163,0
DA:164,0
DA:165,0
DA:166,0
DA:167,0
DA:168,0
DA:170,0
DA:172,0
DA:173,0
DA:175,0
DA:177,0
DA:179,0
DA:180,0
DA:181,0
DA:184,0
DA:185,0
DA:188,0
DA:189,0
DA:191,0
DA:193,0
DA:194,0
DA:195,0
DA:196,0
DA:197,0
DA:198,0
DA:199,0
DA:201,0
DA:203,0
DA:204,0
DA:206,0
DA:207,0
DA:208,0
DA:210,0
DA:213,0
DA:215,0
DA:216,0
DA:217,0
DA:218,0
end_of_record
SF:/usr/include/x86_64-linux-gnu/qt5/QtGui/qbrush.h
FN:160,_ZNK6QBrush5styleEv
FNDA:22,_ZNK6QBrush5styleEv
DA:160,22
end_of_record
SF:/usr/include/x86_64-linux-gnu/qt5/QtCore/qflags.h
FN:66,_ZN5QFlagC2Ej
FNDA:5,_ZN5QFlagC2Ej
FN:69,_ZNK5QFlagcvjEv
FNDA:5,_ZNK5QFlagcvjEv
FN:120,_ZN6QFlagsIN2Qt13AlignmentFlagEEC2Ev
FNDA:10,_ZN6QFlagsIN2Qt13AlignmentFlagEEC2Ev
FN:120,_ZN6QFlagsIN2Qt10WindowTypeEEC2Ev
FNDA:8,_ZN6QFlagsIN2Qt10WindowTypeEEC2Ev
FN:121,_ZN6QFlagsIN2Qt15FindChildOptionEEC2ES1_
FNDA:0,_ZN6QFlagsIN2Qt15FindChildOptionEEC2ES1_
FN:121,_ZN6QFlagsIN9QIODevice12OpenModeFlagEEC2ES1_
FNDA:1,_ZN6QFlagsIN9QIODevice12OpenModeFlagEEC2ES1_
FN:125,_ZN6QFlagsIN9QIODevice12OpenModeFlagEEC2E5QFlag
FNDA:1,_ZN6QFlagsIN9QIODevice12OpenModeFlagEEC2E5QFlag
FN:125,_ZN6QFlagsIN2Qt8ItemFlagEEC2E5QFlag
FNDA:4,_ZN6QFlagsIN2Qt8ItemFlagEEC2E5QFlag
FN:141,_ZNK6QFlagsIN9QIODevice12OpenModeFlagEEorES1_
FNDA:1,_ZNK6QFlagsIN9QIODevice12OpenModeFlagEEorES1_
FN:143,_ZNK6QFlagsIN2Qt8ItemFlagEEeoES1_
FNDA:4,_ZNK6QFlagsIN2Qt8ItemFlagEEeoES1_
DA:66,5
DA:69,5
DA:120,10
DA:120,8
DA:121,0
DA:121,1
DA:125,1
DA:125,4
DA:141,1
DA:143,4
end_of_record
SF:/usr/include/x86_64-linux-gnu/qt5/QtCore/qchar.h
FN:53,_ZN11QLatin1CharC2Ec
FNDA:194,_ZN11QLatin1CharC2Ec
FN:55,_ZNK11QLatin1Char7unicodeEv
FNDA:194,_ZNK11QLatin1Char7unicodeEv
FN:102,_ZN5QCharC2E11QLatin1Char
FNDA:194,_ZN5QCharC2E11QLatin1Char
DA:53,194
DA:55,194
DA:102,194
end_of_record
SF:/usr/include/x86_64-linux-gnu/qt5/QtCore/qobject.h
FN:180,_ZNK7QObject12findChildrenIP8TuduListEE5QListIT_ERK7QString6QFlagsIN2Qt15FindChildOptionEE
FNDA:0,_ZNK7QObject12findChildrenIP8TuduListEE5QListIT_ERK7QString6QFlagsIN2Qt15FindChildOptionEE
DA:180,0
DA:183,0
DA:184,0
DA:186,0
DA:187,0
end_of_record
SF:/home/sara/Desktop/Sara/Desktop/Verification/05-tudu/tudu/headers/mainwindow.h
end_of_record
SF:/usr/include/x86_64-linux-gnu/qt5/QtCore/qsize.h
FN:125,_ZN5QSizeC2Eii
FNDA:2,_ZN5QSizeC2Eii
DA:125,2
end_of_record
SF:/usr/include/x86_64-linux-gnu/c++/12/bits/c++config.h
FN:516,_ZSt23__is_constant_evaluatedv
FNDA:3238,_ZSt23__is_constant_evaluatedv
DA:516,3238
DA:523,3238
end_of_record
SF:/usr/include/x86_64-linux-gnu/qt5/QtCore/qstringlist.h
end_of_record
SF:/usr/include/x86_64-linux-gnu/qt5/QtCore/qmetatype.h
FN:1914,_Z11qMetaTypeIdI9QDateTimeEiv
FNDA:4,_Z11qMetaTypeIdI9QDateTimeEiv
FN:1914,_Z11qMetaTypeIdI7QStringEiv
FNDA:12,_Z11qMetaTypeIdI7QStringEiv
FN:2402,_ZN12QMetaTypeId2I9QDateTimeE14qt_metatype_idEv
FNDA:4,_ZN12QMetaTypeId2I9QDateTimeE14qt_metatype_idEv
FN:2402,_ZN12QMetaTypeId2I7QStringE14qt_metatype_idEv
FNDA:12,_ZN12QMetaTypeId2I7QStringE14qt_metatype_idEv
DA:1914,4
DA:1917,4
DA:1914,12
DA:1917,12
DA:2402,4
DA:2402,12
end_of_record
SF:/usr/include/x86_64-linux-gnu/qt5/QtCore/qvariant.h
FN:208,_ZN8QVariantC2Ev
FNDA:0,_ZN8QVariantC2Ev
FN:370,_ZN8QVariant9fromValueI9QDateTimeEES_RKT_
FNDA:4,_ZN8QVariant9fromValueI9QDateTimeEES_RKT_
FN:370,_ZN8QVariant9fromValueI7QStringEES_RKT_
FNDA:12,_ZN8QVariant9fromValueI7QStringEES_RKT_
FN:396,_ZN8QVariant7PrivateC2Ev
FNDA:0,_ZN8QVariant7PrivateC2Ev
DA:208,0
DA:370,4
DA:371,4
DA:370,12
DA:371,12
DA:396,0
DA:397,0
end_of_record
SF:/usr/include/x86_64-linux-gnu/qt5/QtCore/qiodevice.h
FN:136,_ZN9QIODevice5writeERK10QByteArray
FNDA:0,_ZN9QIODevice5writeERK10QByteArray
FN:185,_ZorN9QIODevice12OpenModeFlagES0_
FNDA:1,_ZorN9QIODevice12OpenModeFlagES0_
DA:136,0
DA:137,0
DA:185,1
end_of_record
SF:/usr/include/c++/12/bits/atomic_base.h
FN:104,_ZStanSt12memory_orderSt23__memory_order_modifier
FNDA:1619,_ZStanSt12memory_orderSt23__memory_order_modifier
FN:384,_ZNSt13__atomic_baseIiEppEv
FNDA:112,_ZNSt13__atomic_baseIiEppEv
FN:392,_ZNSt13__atomic_baseIiEmmEv
FNDA:1292,_ZNSt13__atomic_baseIiEmmEv
DA:104,1619
DA:106,1619
DA:384,112
DA:385,112
DA:392,1292
DA:393,1292
DA:484,1619
DA:485,1619
DA:486,1619
DA:488,1619
end_of_record
SF:/usr/include/x86_64-linux-gnu/qt5/QtCore/qlist.h
FN:102,_ZN9QListData7disposeEv
FNDA:0,_ZN9QListData7disposeEv
FN:115,_ZNK9QListData4sizeEv
FNDA:0,_ZNK9QListData4sizeEv
FN:117,_ZNK9QListData2atEi
FNDA:0,_ZNK9QListData2atEi
FN:118,_ZNK9QListData5beginEv
FNDA:38,_ZNK9QListData5beginEv
FN:119,_ZNK9QListData3endEv
FNDA:17,_ZNK9QListData3endEv
FN:151,_ZN5QListI7QStringE4Node1tEv
FNDA:22,_ZN5QListI7QStringE4Node1tEv
FN:151,_ZN5QListI5QDateE4Node1tEv
FNDA:35,_ZN5QListI5QDateE4Node1tEv
FN:151,_ZN5QListIP8TuduListE4Node1tEv
FNDA:0,_ZN5QListIP8TuduListE4Node1tEv
FN:160,_ZN5QListI5QDateEC2Ev
FNDA:2,_ZN5QListI5QDateEC2Ev
FN:160,_ZN5QListIP8TuduListEC2Ev
FNDA:0,_ZN5QListIP8TuduListEC2Ev
FN:164,_ZN5QListI7QStringEC2EOS1_
FNDA:1,_ZN5QListI7QStringEC2EOS1_
FN:178,_ZN5QListIP8TuduListE6detachEv
FNDA:0,_ZN5QListIP8TuduListE6detachEv
FN:300,_ZN5QListI7QStringE14const_iteratorC2EPNS1_4NodeE
FNDA:2,_ZN5QListI7QStringE14const_iteratorC2EPNS1_4NodeE
FN:313,_ZNK5QListI7QStringE14const_iteratordeEv
FNDA:22,_ZNK5QListI7QStringE14const_iteratordeEv
FN:317,_ZNK5QListI7QStringE14const_iteratorneERKS2_
FNDA:23,_ZNK5QListI7QStringE14const_iteratorneERKS2_
FN:322,_ZN5QListI7QStringE14const_iteratorppEv
FNDA:22,_ZN5QListI7QStringE14const_iteratorppEv
FN:339,_ZNK5QListI7QStringE5beginEv
FNDA:1,_ZNK5QListI7QStringE5beginEv
FN:343,_ZNK5QListI7QStringE3endEv
FNDA:1,_ZNK5QListI7QStringE3endEv
FN:486,_ZN5QListIP8TuduListE9node_copyEPNS2_4NodeES4_S4_
FNDA:0,_ZN5QListIP8TuduListE9node_copyEPNS2_4NodeES4_S4_
FN:521,_ZN5QListI7QStringE13node_destructEPNS1_4NodeES3_
FNDA:1,_ZN5QListI7QStringE13node_destructEPNS1_4NodeES3_
FN:521,_ZN5QListIP8TuduListE13node_destructEPNS2_4NodeES4_
FNDA:0,_ZN5QListIP8TuduListE13node_destructEPNS2_4NodeES4_
FN:521,_ZN5QListI5QDateE13node_destructEPNS1_4NodeES3_
FNDA:0,_ZN5QListI5QDateE13node_destructEPNS1_4NodeES3_
FN:570,_ZNK5QListI5QDateE2atEi
FNDA:0,_ZNK5QListI5QDateE2atEi
FN:578,_ZN5QListIP8TuduListEixEi
FNDA:0,_ZN5QListIP8TuduListEixEi
FN:830,_ZN5QListIP8TuduListE13detach_helperEi
FNDA:0,_ZN5QListIP8TuduListE13detach_helperEi
FN:847,_ZN5QListIP8TuduListE13detach_helperEv
FNDA:0,_ZN5QListIP8TuduListE13detach_helperEv
FN:871,_ZN5QListIP8TuduListED2Ev
FNDA:0,_ZN5QListIP8TuduListED2Ev
FN:871,_ZN5QListI7QStringED2Ev
FNDA:2,_ZN5QListI7QStringED2Ev
FN:871,_ZN5QListI5QDateED2Ev
FNDA:1,_ZN5QListI5QDateED2Ev
FN:919,_ZN5QListI7QStringE7deallocEPN9QListData4DataE
FNDA:1,_ZN5QListI7QStringE7deallocEPN9QListData4DataE
FN:919,_ZN5QListIP8TuduListE7deallocEPN9QListData4DataE
FNDA:0,_ZN5QListIP8TuduListE7deallocEPN9QListData4DataE
FN:919,_ZN5QListI5QDateE7deallocEPN9QListData4DataE
FNDA:0,_ZN5QListI5QDateE7deallocEPN9QListData4DataE
DA:102,0
DA:115,0
DA:117,0
DA:118,38
DA:119,17
DA:151,35
DA:153,35
DA:151,0
DA:153,0
DA:151,22
DA:153,22
DA:160,0
DA:160,2
DA:164,1
DA:165,1
DA:178,0
DA:300,2
DA:313,22
DA:317,23
DA:322,22
DA:339,1
DA:343,1
DA:486,0
DA:488,0
DA:515,0
DA:516,0
DA:518,0
DA:521,0
DA:526,0
DA:527,0
DA:521,0
DA:527,0
DA:521,1
DA:526,23
DA:527,1
DA:570,0
DA:571,0
DA:572,0
DA:578,0
DA:579,0
DA:580,0
DA:830,0
DA:832,0
DA:833,0
DA:835,0
DA:836,0
DA:837,0
DA:838,0
DA:839,0
DA:842,0
DA:843,0
DA:844,0
DA:847,0
DA:849,0
DA:850,0
DA:871,1
DA:873,1
DA:874,0
DA:875,1
DA:871,0
DA:873,0
DA:874,0
DA:875,0
DA:871,2
DA:873,2
DA:874,1
DA:875,2
DA:919,0
DA:921,0
DA:922,0
DA:923,0
DA:924,0
DA:919,0
DA:921,0
DA:922,0
DA:923,0
DA:924,0
DA:919,1
DA:921,1
DA:922,1
DA:923,1
DA:924,1
end_of_record
SF:/usr/include/x86_64-linux-gnu/qt5/QtCore/qarraydata.h
FN:57,_ZN10QArrayData4dataEv
FNDA:25,_ZN10QArrayData4dataEv
FN:123,_ZN10QArrayData10sharedNullEv
FNDA:11,_ZN10QArrayData10sharedNullEv
FN:208,_ZN15QTypedArrayDataIcE4dataEv
FNDA:0,_ZN15QTypedArrayDataIcE4dataEv
FN:236,_ZN15QTypedArrayDataItE10deallocateEP10QArrayData
FNDA:454,_ZN15QTypedArrayDataItE10deallocateEP10QArrayData
FN:236,_ZN15QTypedArrayDataIcE10deallocateEP10QArrayData
FNDA:1,_ZN15QTypedArrayDataIcE10deallocateEP10QArrayData
FN:257,_ZN15QTypedArrayDataItE10sharedNullEv
FNDA:11,_ZN15QTypedArrayDataItE10sharedNullEv
DA:57,25
DA:59,25
DA:61,25
DA:123,11
DA:208,0
DA:236,454
DA:239,454
DA:240,454
DA:236,1
DA:239,1
DA:240,1
DA:257,11
DA:260,11
end_of_record
SF:/usr/include/x86_64-linux-gnu/qt5/QtWidgets/qtablewidget.h
FN:101,_ZNK16QTableWidgetItem5flagsEv
FNDA:4,_ZNK16QTableWidgetItem5flagsEv
FN:104,_ZNK16QTableWidgetItem4textEv
FNDA:0,_ZNK16QTableWidgetItem4textEv
FN:134,_ZN16QTableWidgetItem16setTextAlignmentEi
FNDA:4,_ZN16QTableWidgetItem16setTextAlignmentEi
FN:148,_ZN16QTableWidgetItem13setBackgroundERK6QBrush
FNDA:13,_ZN16QTableWidgetItem13setBackgroundERK6QBrush
FN:199,_ZN16QTableWidgetItem7setTextERK7QString
FNDA:683,_ZN16QTableWidgetItem7setTextERK7QString
FN:218,_ZN16QTableWidgetItem7setFontERK5QFont
FNDA:4,_ZN16QTableWidgetItem7setFontERK5QFont
DA:101,4
DA:104,0
DA:105,0
DA:134,4
DA:135,4
DA:148,13
DA:149,13
DA:199,683
DA:200,683
DA:218,4
DA:219,4
end_of_record
SF:/usr/include/c++/12/bits/move.h
FN:77,_ZSt7forwardI11QStringListEOT_RNSt16remove_referenceIS1_E4typeE
FNDA:1,_ZSt7forwardI11QStringListEOT_RNSt16remove_referenceIS1_E4typeE
FN:104,_ZSt4moveIR11QStringListEONSt16remove_referenceIT_E4typeEOS3_
FNDA:1,_ZSt4moveIR11QStringListEONSt16remove_referenceIT_E4typeEOS3_
DA:77,1
DA:78,1
DA:104,1
DA:105,1
end_of_record
SF:/usr/include/c++/12/iostream
end_of_record
SF:/usr/include/x86_64-linux-gnu/qt5/QtCore/qabstractitemmodel.h
FN:60,_ZN11QModelIndexC2Ev
FNDA:0,_ZN11QModelIndexC2Ev
FN:62,_ZNK11QModelIndex3rowEv
FNDA:0,_ZNK11QModelIndex3rowEv
FN:372,_ZN18QAbstractItemModel9removeRowEiRK11QModelIndex
FNDA:0,_ZN18QAbstractItemModel9removeRowEiRK11QModelIndex
FN:459,_ZNK11QModelIndex4dataEi
FNDA:0,_ZNK11QModelIndex4dataEi
DA:60,0
DA:62,0
DA:372,0
DA:373,0
DA:459,0
DA:460,0
end_of_record
SF:/usr/include/x86_64-linux-gnu/qt5/QtCore/qrefcount.h
FN:54,_ZN9QtPrivate8RefCount3refEv
FNDA:115,_ZN9QtPrivate8RefCount3refEv
FN:65,_ZN9QtPrivate8RefCount5derefEv
FNDA:1317,_ZN9QtPrivate8RefCount5derefEv
FN:99,_ZNK9QtPrivate8RefCount8isSharedEv
FNDA:187,_ZNK9QtPrivate8RefCount8isSharedEv
DA:54,115
DA:55,115
DA:57,115
DA:58,0
DA:60,115
DA:61,112
DA:62,115
DA:65,1317
DA:66,1317
DA:68,1317
DA:69,0
DA:71,1317
DA:72,25
DA:73,1292
DA:99,187
DA:101,187
DA:102,187
end_of_record
SF:/usr/include/x86_64-linux-gnu/qt5/QtCore/qbytearray.h
FN:495,_ZN10QByteArrayD2Ev
FNDA:2,_ZN10QByteArrayD2Ev
FN:496,_ZNK10QByteArray4sizeEv
FNDA:0,_ZNK10QByteArray4sizeEv
FN:518,_ZNK10QByteArray9constDataEv
FNDA:0,_ZNK10QByteArray9constDataEv
DA:495,2
DA:496,0
DA:497,0
DA:518,0
DA:519,0
end_of_record
SF:/usr/include/x86_64-linux-gnu/qt5/QtWidgets/qsizepolicy.h
FN:141,_ZN11QSizePolicy17setHeightForWidthEb
FNDA:2,_ZN11QSizePolicy17setHeightForWidthEb
FN:142,_ZNK11QSizePolicy17hasHeightForWidthEv
FNDA:2,_ZNK11QSizePolicy17hasHeightForWidthEv
FN:155,_ZN11QSizePolicy20setHorizontalStretchEi
FNDA:2,_ZN11QSizePolicy20setHorizontalStretchEi
FN:156,_ZN11QSizePolicy18setVerticalStretchEi
FNDA:2,_ZN11QSizePolicy18setVerticalStretchEi
DA:141,2
DA:142,2
DA:155,2
DA:156,2
end_of_record
SF:/usr/include/x86_64-linux-gnu/qt5/QtCore/qscopedpointer.h
FN:116,_ZNK14QScopedPointerI10QBrushData24QBrushDataPointerDeleterEptEv
FNDA:22,_ZNK14QScopedPointerI10QBrushData24QBrushDataPointerDeleterEptEv
DA:116,22
DA:118,22
end_of_record
SF:/usr/include/x86_64-linux-gnu/qt5/QtCore/qbasicatomic.h
FN:107,_ZNK19QBasicAtomicIntegerIiE11loadRelaxedEv
FNDA:1619,_ZNK19QBasicAtomicIntegerIiE11loadRelaxedEv
FN:118,_ZN19QBasicAtomicIntegerIiE3refEv
FNDA:112,_ZN19QBasicAtomicIntegerIiE3refEv
FN:119,_ZN19QBasicAtomicIntegerIiE5derefEv
FNDA:1292,_ZN19QBasicAtomicIntegerIiE5derefEv
DA:107,1619
DA:118,112
DA:119,1292
end_of_record
SF:/usr/include/x86_64-linux-gnu/qt5/QtCore/qatomic_cxx11.h
FN:237,_ZN10QAtomicOpsIiE11loadRelaxedIiEET_RKSt6atomicIS2_E
FNDA:1619,_ZN10QAtomicOpsIiE11loadRelaxedIiEET_RKSt6atomicIS2_E
FN:281,_ZN10QAtomicOpsIiE3refIiEEbRSt6atomicIT_E
FNDA:112,_ZN10QAtomicOpsIiE3refIiEEbRSt6atomicIT_E
FN:287,_ZN10QAtomicOpsIiE5derefIiEEbRSt6atomicIT_E
FNDA:1292,_ZN10QAtomicOpsIiE5derefIiEEbRSt6atomicIT_E
DA:237,1619
DA:239,3238
DA:281,112
DA:283,112
DA:287,1292
DA:289,1292
end_of_record
