--------------------------------------------------------------------------------
I1 cache:         32768 B, 64 B, 8-way associative
D1 cache:         32768 B, 64 B, 8-way associative
LL cache:         3145728 B, 64 B, 12-way associative
Command:          ./tudu
Data file:        cachegrind.out
Events recorded:  Ir I1mr ILmr Dr D1mr DLmr Dw D1mw DLmw
Events shown:     Ir I1mr ILmr Dr D1mr DLmr Dw D1mw DLmw
Event sort order: Ir I1mr ILmr Dr D1mr DLmr Dw D1mw DLmw
Thresholds:       0.1 100 100 100 100 100 100 100 100
Include dirs:     
User annotated:   
Auto-annotation:  on

--------------------------------------------------------------------------------
Ir                     I1mr                ILmr             Dr                   D1mr               DLmr             Dw                   D1mw               DLmw               
--------------------------------------------------------------------------------
1,289,464,278 (100.0%) 11,457,902 (100.0%) 297,693 (100.0%) 315,500,451 (100.0%) 8,476,934 (100.0%) 584,471 (100.0%) 152,082,228 (100.0%) 6,436,115 (100.0%) 1,906,166 (100.0%)  PROGRAM TOTALS

--------------------------------------------------------------------------------
Ir                   I1mr               ILmr             Dr                   D1mr               DLmr             Dw                  D1mw               DLmw                file:function
--------------------------------------------------------------------------------
657,136,254 (50.96%) 4,507,828 (39.34%) 140,277 (47.12%) 146,474,183 (46.43%) 2,689,859 (31.73%) 140,575 (24.05%) 76,437,258 (50.26%) 5,656,233 (87.88%) 1,566,041 (82.16%)  ???:???
 58,067,651 ( 4.50%)     4,002 ( 0.03%)     271 ( 0.09%)  20,216,576 ( 6.41%) 2,863,566 (33.78%)  36,151 ( 6.19%)  3,742,084 ( 2.46%)    24,540 ( 0.38%)       105 ( 0.01%)  ./elf/./elf/dl-lookup.c:do_lookup_x
 34,892,435 ( 2.71%)   159,234 ( 1.39%)     521 ( 0.18%)  10,322,376 ( 3.27%)    48,342 ( 0.57%)   6,052 ( 1.04%)  4,657,905 ( 3.06%)     6,087 ( 0.09%)       238 ( 0.01%)  ./malloc/./malloc/malloc.c:_int_free
 34,354,321 ( 2.66%)        68 ( 0.00%)      20 ( 0.01%)  10,455,662 ( 3.31%)         2 ( 0.00%)       0           5,974,664 ( 3.93%)         0                  0           ./libio/./libio/iofread.c:fread
 29,620,085 ( 2.30%)   262,044 ( 2.29%)   1,122 ( 0.38%)   5,517,950 ( 1.75%)    86,807 ( 1.02%)   3,844 ( 0.66%)  3,174,243 ( 2.09%)   128,102 ( 1.99%)    73,679 ( 3.87%)  ./malloc/./malloc/malloc.c:_int_malloc
 27,660,155 ( 2.15%)       289 ( 0.00%)      45 ( 0.02%)   9,715,409 ( 3.08%)        11 ( 0.00%)       0           5,976,529 ( 3.93%)         1 ( 0.00%)         0           ./libio/./libio/fileops.c:_IO_file_xsgetn
 21,344,475 ( 1.66%)    44,273 ( 0.39%)      86 ( 0.03%)   5,773,299 ( 1.83%)    87,600 ( 1.03%)   2,165 ( 0.37%)  2,381,051 ( 1.57%)     6,531 ( 0.10%)       257 ( 0.01%)  ./malloc/./malloc/malloc.c:malloc
 16,188,491 ( 1.26%)    39,986 ( 0.35%)     178 ( 0.06%)   3,820,298 ( 1.21%)    48,543 ( 0.57%)   8,984 ( 1.54%)  2,766,294 ( 1.82%)    86,342 ( 1.34%)    55,658 ( 2.92%)  ./string/../sysdeps/x86_64/multiarch/memmove-vec-unaligned-erms.S:__memcpy_avx_unaligned_erms
 11,786,130 ( 0.91%)     8,839 ( 0.08%)     119 ( 0.04%)   3,330,774 ( 1.06%)    16,315 ( 0.19%)     370 ( 0.06%)  1,411,946 ( 0.93%)        78 ( 0.00%)         1 ( 0.00%)  ???:g_hash_table_lookup
 11,541,429 ( 0.90%)    44,582 ( 0.39%)     157 ( 0.05%)   2,342,494 ( 0.74%)    54,054 ( 0.64%)   2,064 ( 0.35%)          0                  0                  0           ./string/../sysdeps/x86_64/multiarch/strcmp-avx2.S:__strcmp_avx2
 11,005,319 ( 0.85%)     1,993 ( 0.02%)      53 ( 0.02%)   1,537,881 ( 0.49%)       936 ( 0.01%)     240 ( 0.04%)          0                  0                  0           ./string/../sysdeps/x86_64/multiarch/strchr-avx2.S:__strchr_avx2
 10,663,527 ( 0.83%)       194 ( 0.00%)      21 ( 0.01%)   2,909,561 ( 0.92%)        67 ( 0.00%)      10 ( 0.00%)  1,626,066 ( 1.07%)         1 ( 0.00%)         0           ???:g_hash_table_replace
  9,589,151 ( 0.74%)    18,671 ( 0.16%)      60 ( 0.02%)   3,469,334 ( 1.10%)    53,909 ( 0.64%)   5,095 ( 0.87%)  1,715,271 ( 1.13%)       873 ( 0.01%)        28 ( 0.00%)  ./malloc/./malloc/malloc.c:free
  8,961,996 ( 0.70%)         7 ( 0.00%)       0            3,734,165 ( 1.18%)         7 ( 0.00%)       0           1,493,666 ( 0.98%)         0                  0           ./libio/./libio/libioP.h:fread
  8,855,453 ( 0.69%)        20 ( 0.00%)       3 ( 0.00%)     829,368 ( 0.26%)     1,111 ( 0.01%)     781 ( 0.13%)          0                  0                  0           ???:g_ascii_strncasecmp
  8,339,860 ( 0.65%)     3,488 ( 0.03%)      11 ( 0.00%)   1,196,270 ( 0.38%)     6,800 ( 0.08%)     410 ( 0.07%)          0                  0                  0           ???:g_str_hash
  7,476,005 ( 0.58%)    33,413 ( 0.29%)     336 ( 0.11%)   1,078,664 ( 0.34%)     7,100 ( 0.08%)      47 ( 0.01%)    353,622 ( 0.23%)     2,883 ( 0.04%)        30 ( 0.00%)  ???:QColor::toHsv() const
  7,116,332 ( 0.55%)       584 ( 0.01%)      31 ( 0.01%)   1,180,895 ( 0.37%)    43,561 ( 0.51%)  24,693 ( 4.22%)          0                  0                  0           ./elf/../sysdeps/generic/dl-new-hash.h:_dl_lookup_symbol_x
  6,924,287 ( 0.54%)     7,907 ( 0.07%)     145 ( 0.05%)   1,435,128 ( 0.45%)    95,525 ( 1.13%)   5,187 ( 0.89%)  1,219,037 ( 0.80%)       841 ( 0.01%)        15 ( 0.00%)  ./malloc/./malloc/malloc.c:malloc_consolidate
  6,479,090 ( 0.50%)       243 ( 0.00%)      26 ( 0.01%)   1,580,234 ( 0.50%)       197 ( 0.00%)       4 ( 0.00%)  1,264,229 ( 0.83%)     2,018 ( 0.03%)       161 ( 0.01%)  ???:g_slice_alloc
  5,974,768 ( 0.46%)         8 ( 0.00%)       2 ( 0.00%)   2,240,538 ( 0.71%)        92 ( 0.00%)       3 ( 0.00%)    746,846 ( 0.49%)         0                  0           ./libio/./libio/genops.c:_IO_sgetn
  5,562,555 ( 0.43%)    10,390 ( 0.09%)     111 ( 0.04%)     799,734 ( 0.25%)    21,900 ( 0.26%)   5,630 ( 0.96%)          0                  0                  0           ./string/../sysdeps/x86_64/multiarch/strlen-avx2.S:__strlen_avx2
  5,356,464 ( 0.42%)        65 ( 0.00%)      48 ( 0.02%)   1,297,750 ( 0.41%)   128,048 ( 1.51%) 123,190 (21.08%)    524,079 ( 0.34%)   181,718 ( 2.82%)   163,589 ( 8.58%)  ./elf/../sysdeps/x86_64/dl-machine.h:_dl_relocate_object
  5,280,976 ( 0.41%)     9,339 ( 0.08%)   1,018 ( 0.34%)   1,042,276 ( 0.33%)    83,468 ( 0.98%)  11,488 ( 1.97%)          0                  0                  0           ./string/../sysdeps/x86_64/multiarch/../multiarch/strcmp-sse2.S:strcmp
  5,227,922 ( 0.41%)        16 ( 0.00%)       5 ( 0.00%)           0                  0                0                   0                  0                  0           ./libio/./libio/libioP.h:_IO_sgetn
  5,126,117 ( 0.40%)       182 ( 0.00%)       4 ( 0.00%)   1,417,761 ( 0.45%)    13,414 ( 0.16%)       0                   0                  0                  0           ???:FcStrSetMember
  4,437,569 ( 0.34%)     6,027 ( 0.05%)      87 ( 0.03%)   1,145,549 ( 0.36%)       362 ( 0.00%)       6 ( 0.00%)    566,414 ( 0.37%)     3,367 ( 0.05%)        43 ( 0.00%)  ???:QTextFormat::setProperty(int, QVariant const&)
  4,139,618 ( 0.32%)    21,622 ( 0.19%)     181 ( 0.06%)     997,574 ( 0.32%)     1,152 ( 0.01%)      38 ( 0.01%)    607,836 ( 0.40%)     1,133 ( 0.02%)        58 ( 0.00%)  ./malloc/./malloc/malloc.c:realloc
  3,790,282 ( 0.29%)       113 ( 0.00%)      72 ( 0.02%)     933,613 ( 0.30%)    95,595 ( 1.13%)  79,977 (13.68%)    146,208 ( 0.10%)        36 ( 0.00%)         1 ( 0.00%)  ./elf/./elf/do-rel.h:_dl_relocate_object
  3,535,793 ( 0.27%)     2,367 ( 0.02%)     156 ( 0.05%)   1,024,398 ( 0.32%)    24,567 ( 0.29%)     229 ( 0.04%)    805,370 ( 0.53%)     1,228 ( 0.02%)       106 ( 0.01%)  ./elf/./elf/dl-lookup.c:_dl_lookup_symbol_x
  3,250,012 ( 0.25%)       172 ( 0.00%)      20 ( 0.01%)     961,159 ( 0.30%)     1,142 ( 0.01%)       0             160,461 ( 0.11%)       102 ( 0.00%)         0           ???:g_hash_table_iter_next
  3,217,971 ( 0.25%)    27,233 ( 0.24%)      76 ( 0.03%)   1,279,608 ( 0.41%)    35,869 ( 0.42%)   3,857 ( 0.66%)    314,938 ( 0.21%)         0                  0           ./malloc/./malloc/malloc.c:unlink_chunk.constprop.0
  3,095,360 ( 0.24%)    10,739 ( 0.09%)     420 ( 0.14%)     711,023 ( 0.23%)       799 ( 0.01%)      78 ( 0.01%)    421,180 ( 0.28%)       757 ( 0.01%)         1 ( 0.00%)  ./stdio-common/./stdio-common/vfscanf-internal.c:__vfscanf_internal
  3,044,970 ( 0.24%)     3,264 ( 0.03%)      39 ( 0.01%)     845,729 ( 0.27%)     4,034 ( 0.05%)      75 ( 0.01%)          0                  0                  0           ./nptl/./nptl/pthread_getspecific.c:pthread_getspecific@@GLIBC_2.34
  2,919,028 ( 0.23%)    19,758 ( 0.17%)     136 ( 0.05%)      83,471 ( 0.03%)     1,326 ( 0.02%)      20 ( 0.00%)  1,999,121 ( 1.31%)    50,421 ( 0.78%)    20,342 ( 1.07%)  ./string/../sysdeps/x86_64/multiarch/memset-vec-unaligned-erms.S:__memset_avx2_unaligned_erms
  2,790,440 ( 0.22%)    42,244 ( 0.37%)     171 ( 0.06%)     267,512 ( 0.08%)         1 ( 0.00%)       0             509,499 ( 0.34%)     6,349 ( 0.10%)       370 ( 0.02%)  ???:QArrayData::allocate(unsigned long, unsigned long, unsigned long, QFlags<QArrayData::AllocationOption>)
  2,706,550 ( 0.21%)    10,421 ( 0.09%)      91 ( 0.03%)     579,975 ( 0.18%)    32,886 ( 0.39%)     467 ( 0.08%)          0                  0                  0           ???:QWidget::testAttribute_helper(Qt::WidgetAttribute) const
  2,680,155 ( 0.21%)    41,803 ( 0.36%)     278 ( 0.09%)     623,168 ( 0.20%)     9,753 ( 0.12%)      92 ( 0.02%)    226,779 ( 0.15%)     2,601 ( 0.04%)       140 ( 0.01%)  ./malloc/./malloc/malloc.c:calloc
  2,535,462 ( 0.20%)    58,137 ( 0.51%)     413 ( 0.14%)     379,123 ( 0.12%)     2,621 ( 0.03%)      16 ( 0.00%)    272,075 ( 0.18%)     1,238 ( 0.02%)        25 ( 0.00%)  ???:QColor::toRgb() const
  2,434,533 ( 0.19%)    11,050 ( 0.10%)      24 ( 0.01%)     497,035 ( 0.16%)    44,533 ( 0.53%)     608 ( 0.10%)          0                  0                  0           ???:QMetaObject::inherits(QMetaObject const*) const
  2,429,628 ( 0.19%)    17,698 ( 0.15%)     190 ( 0.06%)     467,160 ( 0.15%)     3,808 ( 0.04%)     297 ( 0.05%)    338,678 ( 0.22%)     7,849 ( 0.12%)     6,664 ( 0.35%)  ./malloc/./malloc/malloc.c:_int_realloc
  2,251,035 ( 0.17%)    11,102 ( 0.10%)      26 ( 0.01%)     517,808 ( 0.16%)    19,177 ( 0.23%)     363 ( 0.06%)    413,864 ( 0.27%)     1,545 ( 0.02%)        15 ( 0.00%)  ???:QMetaObject::cast(QObject const*) const
  2,240,538 ( 0.17%)         0                0                    0                  0                0                   0                  0                  0           ./libio/./libio/libioP.h:_IO_file_xsgetn
  2,218,711 ( 0.17%)     2,210 ( 0.02%)      52 ( 0.02%)     743,733 ( 0.24%)    15,251 ( 0.18%)     588 ( 0.10%)     42,025 ( 0.03%)       112 ( 0.00%)         6 ( 0.00%)  ./stdlib/./stdlib/getenv.c:getenv
  2,208,307 ( 0.17%)    19,595 ( 0.17%)     134 ( 0.05%)     645,197 ( 0.20%)    16,839 ( 0.20%)     396 ( 0.07%)    137,319 ( 0.09%)         2 ( 0.00%)         0           ./nptl/./nptl/pthread_mutex_lock.c:pthread_mutex_lock@@GLIBC_2.2.5
  2,198,867 ( 0.17%)     2,712 ( 0.02%)      40 ( 0.01%)     676,576 ( 0.21%)     5,139 ( 0.06%)     113 ( 0.02%)    338,288 ( 0.22%)       508 ( 0.01%)        50 ( 0.00%)  ???:g_private_get
  2,114,232 ( 0.16%)   138,627 ( 1.21%)     878 ( 0.29%)     548,522 ( 0.17%)     2,843 ( 0.03%)      27 ( 0.00%)    249,781 ( 0.16%)     2,221 ( 0.03%)       107 ( 0.01%)  ???:QTextEngine::shapeText(int) const
  1,964,284 ( 0.15%)    29,647 ( 0.26%)     277 ( 0.09%)     624,122 ( 0.20%)     1,167 ( 0.01%)     186 ( 0.03%)    238,576 ( 0.16%)       125 ( 0.00%)        25 ( 0.00%)  ???:g_main_context_check
  1,951,471 ( 0.15%)        59 ( 0.00%)      33 ( 0.01%)     619,380 ( 0.20%)         0                0             298,467 ( 0.20%)         0                  0           ./libio/./libio/iogetdelim.c:getdelim
  1,945,660 ( 0.15%)     3,184 ( 0.03%)      36 ( 0.01%)     598,512 ( 0.19%)    25,279 ( 0.30%)   2,077 ( 0.36%)    286,999 ( 0.19%)       297 ( 0.00%)         2 ( 0.00%)  ???:g_slice_free_chain_with_offset
  1,913,426 ( 0.15%)       151 ( 0.00%)      11 ( 0.00%)     362,214 ( 0.11%)        62 ( 0.00%)       3 ( 0.00%)    640,956 ( 0.42%)       417 ( 0.01%)         1 ( 0.00%)  ???:g_list_prepend
  1,912,421 ( 0.15%)       115 ( 0.00%)      19 ( 0.01%)     271,138 ( 0.09%)         0                0             313,386 ( 0.21%)        13 ( 0.00%)         1 ( 0.00%)  ???:FcStrCmpIgnoreCase
  1,893,469 ( 0.15%)     1,142 ( 0.01%)      31 ( 0.01%)     562,922 ( 0.18%)       172 ( 0.00%)       6 ( 0.00%)    307,068 ( 0.20%)         6 ( 0.00%)         5 ( 0.00%)  ???:g_slice_free1
  1,882,862 ( 0.15%)   155,732 ( 1.36%)   1,605 ( 0.54%)     599,892 ( 0.19%)     5,781 ( 0.07%)      21 ( 0.00%)    301,694 ( 0.20%)     4,298 ( 0.07%)        84 ( 0.00%)  ???:QTextLine::layout_helper(int)
  1,801,410 ( 0.14%)       231 ( 0.00%)     140 ( 0.05%)     507,455 ( 0.16%)    32,645 ( 0.39%)  15,954 ( 2.73%)    221,884 ( 0.15%)     7,488 ( 0.12%)         4 ( 0.00%)  ./elf/./elf/dl-reloc.c:_dl_relocate_object
  1,757,058 ( 0.14%)    19,688 ( 0.17%)     146 ( 0.05%)     688,020 ( 0.22%)    36,479 ( 0.43%)   1,181 ( 0.20%)     38,282 ( 0.03%)        12 ( 0.00%)         0           ???:QMetaObject::indexOfProperty(char const*) const
  1,748,778 ( 0.14%)     1,745 ( 0.02%)     129 ( 0.04%)     327,386 ( 0.10%)     6,402 ( 0.08%)      84 ( 0.01%)          0                  0                  0           ./string/../sysdeps/x86_64/multiarch/strcmp-avx2.S:__strncmp_avx2
  1,744,410 ( 0.14%)       175 ( 0.00%)      12 ( 0.00%)     348,882 ( 0.11%)         0                0             348,864 ( 0.23%)         0                  0           ???:g_malloc
  1,725,133 ( 0.13%)     1,705 ( 0.01%)      92 ( 0.03%)     534,838 ( 0.17%)    47,179 ( 0.56%)  15,057 ( 2.58%)    191,901 ( 0.13%)       958 ( 0.01%)        45 ( 0.00%)  ./elf/./elf/dl-lookup.c:check_match
  1,718,815 ( 0.13%)    63,583 ( 0.55%)     766 ( 0.26%)     276,915 ( 0.09%)    10,301 ( 0.12%)     162 ( 0.03%)    110,281 ( 0.07%)     7,223 ( 0.11%)       269 ( 0.01%)  ???:QUnicodeTools::initCharAttributes(unsigned short const*, int, QUnicodeTools::ScriptItem const*, int, QCharAttributes*, QFlags<QUnicodeTools::CharAttributeOption>)
  1,668,046 ( 0.13%)       266 ( 0.00%)      26 ( 0.01%)     132,554 ( 0.04%)        47 ( 0.00%)       8 ( 0.00%)          0                  0                  0           ./string/../sysdeps/x86_64/multiarch/strspn-sse4.c:__strspn_sse42
  1,632,236 ( 0.13%)    15,935 ( 0.14%)      87 ( 0.03%)     529,371 ( 0.17%)     6,545 ( 0.08%)      28 ( 0.00%)    264,688 ( 0.17%)     4,876 ( 0.08%)        27 ( 0.00%)  ???:QGuiApplication::font()
  1,627,980 ( 0.13%)    13,789 ( 0.12%)      89 ( 0.03%)     478,700 ( 0.15%)       125 ( 0.00%)       3 ( 0.00%)     66,534 ( 0.04%)         3 ( 0.00%)         0           ./nptl/./nptl/pthread_mutex_unlock.c:pthread_mutex_unlock@@GLIBC_2.2.5
  1,611,499 ( 0.12%)   103,064 ( 0.90%)     689 ( 0.23%)     433,031 ( 0.14%)     5,165 ( 0.06%)      83 ( 0.01%)    357,210 ( 0.23%)     3,494 ( 0.05%)        75 ( 0.00%)  ???:QTextEngine::shapeTextWithHarfbuzzNG(QScriptItem const&, unsigned short const*, int, QFontEngine*, QVector<unsigned int> const&, bool, bool) const
  1,602,819 ( 0.12%)    22,888 ( 0.20%)     278 ( 0.09%)     419,337 ( 0.13%)    19,254 ( 0.23%)     333 ( 0.06%)    276,386 ( 0.18%)       792 ( 0.01%)         5 ( 0.00%)  ???:g_main_context_prepare
  1,596,259 ( 0.12%)     6,799 ( 0.06%)      35 ( 0.01%)     840,174 ( 0.27%)    65,302 ( 0.77%)     526 ( 0.09%)          0                  0                  0           ???:QWidget::window() const
  1,587,063 ( 0.12%)        37 ( 0.00%)      37 ( 0.01%)     217,167 ( 0.07%)     2,069 ( 0.02%)       4 ( 0.00%)    160,613 ( 0.11%)         8 ( 0.00%)         4 ( 0.00%)  ???:FcFontSetList
  1,453,081 ( 0.11%)    13,149 ( 0.11%)      19 ( 0.01%)     726,527 ( 0.23%)     4,378 ( 0.05%)      10 ( 0.00%)    322,914 ( 0.21%)     5,349 ( 0.08%)       867 ( 0.05%)  ???:QBrush::QBrush()
  1,453,078 ( 0.11%)       146 ( 0.00%)       0               41,662 ( 0.01%)     4,654 ( 0.05%)      71 ( 0.01%)          0                  0                  0           ./malloc/./malloc/arena.c:free
  1,435,256 ( 0.11%)       273 ( 0.00%)     151 ( 0.05%)     375,246 ( 0.12%)    16,060 ( 0.19%)   6,131 ( 1.05%)    124,094 ( 0.08%)         3 ( 0.00%)         0           ???:FcConfigSubstituteWithPat
  1,431,210 ( 0.11%)     5,760 ( 0.05%)     200 ( 0.07%)     335,407 ( 0.11%)       560 ( 0.01%)       2 ( 0.00%)    259,759 ( 0.17%)       417 ( 0.01%)        26 ( 0.00%)  ???:QPalette::setBrush(QPalette::ColorGroup, QPalette::ColorRole, QBrush const&)
  1,421,097 ( 0.11%)    10,554 ( 0.09%)     153 ( 0.05%)     533,725 ( 0.17%)   100,572 ( 1.19%)     484 ( 0.08%)    217,422 ( 0.14%)     7,895 ( 0.12%)         8 ( 0.00%)  ???:QWidgetPrivate::childAtRecursiveHelper(QPoint const&, bool) const
  1,412,621 ( 0.11%)    20,118 ( 0.18%)      89 ( 0.03%)     575,511 ( 0.18%)     2,611 ( 0.03%)      15 ( 0.00%)    366,233 ( 0.24%)       421 ( 0.01%)         2 ( 0.00%)  ???:QApplication::style()
  1,390,866 ( 0.11%)    14,359 ( 0.13%)      69 ( 0.02%)     477,179 ( 0.15%)     2,796 ( 0.03%)     195 ( 0.03%)     26,302 ( 0.02%)         0                  0           ???:QVariant::~QVariant()
  1,385,269 ( 0.11%)    67,458 ( 0.59%)     607 ( 0.20%)     390,449 ( 0.12%)    37,979 ( 0.45%)   1,117 ( 0.19%)    221,562 ( 0.15%)    23,401 ( 0.36%)     1,220 ( 0.06%)  ???:QTextEngine::itemize() const
  1,307,727 ( 0.10%)     7,389 ( 0.06%)      65 ( 0.02%)     706,810 ( 0.22%)    15,534 ( 0.18%)      69 ( 0.01%)    141,495 ( 0.09%)         0                  0           ???:QBrush::~QBrush()

--------------------------------------------------------------------------------
The following files chosen for auto-annotation could not be found:
--------------------------------------------------------------------------------
  ./elf/../sysdeps/generic/dl-new-hash.h
  ./elf/../sysdeps/x86_64/dl-machine.h
  ./elf/./elf/dl-lookup.c
  ./elf/./elf/dl-reloc.c
  ./elf/./elf/do-rel.h
  ./libio/./libio/fileops.c
  ./libio/./libio/genops.c
  ./libio/./libio/iofread.c
  ./libio/./libio/iogetdelim.c
  ./libio/./libio/libioP.h
  ./malloc/./malloc/arena.c
  ./malloc/./malloc/malloc.c
  ./nptl/./nptl/pthread_getspecific.c
  ./nptl/./nptl/pthread_mutex_lock.c
  ./nptl/./nptl/pthread_mutex_unlock.c
  ./stdio-common/./stdio-common/vfscanf-internal.c
  ./stdlib/./stdlib/getenv.c
  ./string/../sysdeps/x86_64/multiarch/../multiarch/strcmp-sse2.S
  ./string/../sysdeps/x86_64/multiarch/memmove-vec-unaligned-erms.S
  ./string/../sysdeps/x86_64/multiarch/memset-vec-unaligned-erms.S
  ./string/../sysdeps/x86_64/multiarch/strchr-avx2.S
  ./string/../sysdeps/x86_64/multiarch/strcmp-avx2.S
  ./string/../sysdeps/x86_64/multiarch/strlen-avx2.S
  ./string/../sysdeps/x86_64/multiarch/strspn-sse4.c

